<?xml version="1.0" encoding="utf-8"?><testsuites><testsuite errors="0" failures="0" hostname="liuqingjundeMBP.lan" name="pytest" skipped="2" tests="6" time="0.161" timestamp="2020-08-16T11:20:53.300280"><testcase classname="test_demo_06.TestDemo05_01" file="test_demo_06.py" line="10" name="test_add_01" time="0.000"><skipped message="开发未完善代码，阻碍测试" type="pytest.skip">test_demo_06.py:11: 开发未完善代码，阻碍测试</skipped></testcase><testcase classname="test_demo_06.TestDemo05_01" file="test_demo_06.py" line="14" name="test_add_02" time="0.000"><skipped message="条件满足，用例不执行" type="pytest.skip">test_demo_06.py:15: 条件满足，用例不执行</skipped></testcase><testcase classname="test_demo_06.TestDemo05_01" file="test_demo_06.py" line="19" name="test_sub_01" time="0.082"></testcase><testcase classname="test_demo_06.TestDemo05_01" file="test_demo_06.py" line="22" name="test_sub_02" time="0.000"></testcase><testcase classname="test_demo_06.TestDemo05_02" file="test_demo_06.py" line="27" name="test_add_01" time="0.001"></testcase><testcase classname="test_demo_06.TestDemo05_02" file="test_demo_06.py" line="30" name="test_add_02" time="0.001"></testcase></testsuite></testsuites>